Using pre-set license
Built from '2022.3/staging' branch; Version is '2022.3.47f1 (88c277b85d21) revision 8962679'; Using compiler version '192829333'; Build Type 'Release'
OS: 'Windows 11  (10.0.22631) 64bit Core' Language: 'en' Physical Memory: 7541 MB
BatchMode: 1, IsHumanControllingUs: 0, StartBugReporterOnCrash: 0, Is64bit: 1, IsPro: 1

COMMAND LINE ARGUMENTS:
C:\Program Files\Unity\Hub\Editor\2022.3.47f1\Editor\Unity.exe
-adb2
-batchMode
-noUpm
-name
AssetImportWorker1
-projectPath
E:/Unity Active Projects/Silent Obsidian - Testing Grounds/Silent Obsidian Demo - kyle 200982173
-logFile
Logs/AssetImportWorker1.log
-srvPort
63997
Successfully changed project path to: E:/Unity Active Projects/Silent Obsidian - Testing Grounds/Silent Obsidian Demo - kyle 200982173
E:/Unity Active Projects/Silent Obsidian - Testing Grounds/Silent Obsidian Demo - kyle 200982173
[UnityMemory] Configuration Parameters - Can be set up in boot.config
    "memorysetup-bucket-allocator-granularity=16"
    "memorysetup-bucket-allocator-bucket-count=8"
    "memorysetup-bucket-allocator-block-size=33554432"
    "memorysetup-bucket-allocator-block-count=8"
    "memorysetup-main-allocator-block-size=16777216"
    "memorysetup-thread-allocator-block-size=16777216"
    "memorysetup-gfx-main-allocator-block-size=16777216"
    "memorysetup-gfx-thread-allocator-block-size=16777216"
    "memorysetup-cache-allocator-block-size=4194304"
    "memorysetup-typetree-allocator-block-size=2097152"
    "memorysetup-profiler-bucket-allocator-granularity=16"
    "memorysetup-profiler-bucket-allocator-bucket-count=8"
    "memorysetup-profiler-bucket-allocator-block-size=33554432"
    "memorysetup-profiler-bucket-allocator-block-count=8"
    "memorysetup-profiler-allocator-block-size=16777216"
    "memorysetup-profiler-editor-allocator-block-size=1048576"
    "memorysetup-temp-allocator-size-main=16777216"
    "memorysetup-job-temp-allocator-block-size=2097152"
    "memorysetup-job-temp-allocator-block-size-background=1048576"
    "memorysetup-job-temp-allocator-reduction-small-platforms=262144"
    "memorysetup-allocator-temp-initial-block-size-main=262144"
    "memorysetup-allocator-temp-initial-block-size-worker=262144"
    "memorysetup-temp-allocator-size-background-worker=32768"
    "memorysetup-temp-allocator-size-job-worker=262144"
    "memorysetup-temp-allocator-size-preload-manager=33554432"
    "memorysetup-temp-allocator-size-nav-mesh-worker=65536"
    "memorysetup-temp-allocator-size-audio-worker=65536"
    "memorysetup-temp-allocator-size-cloud-worker=32768"
    "memorysetup-temp-allocator-size-gi-baking-worker=262144"
    "memorysetup-temp-allocator-size-gfx=262144"
Player connection [19736]  Target information:

Player connection [19736]  * "[IP] 192.168.2.103 [Port] 0 [Flags] 2 [Guid] 771467023 [EditorId] 771467023 [Version] 1048832 [Id] WindowsEditor(7,LAPTOP-97VDQEDL) [Debug] 1 [PackageName] WindowsEditor [ProjectName] Editor" 

Player connection [19736] Host joined multi-casting on [225.0.0.222:54997]...
Player connection [19736] Host joined alternative multi-casting on [225.0.0.222:34997]...
[PhysX] Initialized MultithreadedTaskDispatcher with 12 workers.
Refreshing native plugins compatible for Editor in 69.41 ms, found 6 plugins.
Preloading 0 native plugins for Editor in 0.00 ms.
Initialize engine version: 2022.3.47f1 (88c277b85d21)
[Subsystems] Discovering subsystems at path C:/Program Files/Unity/Hub/Editor/2022.3.47f1/Editor/Data/Resources/UnitySubsystems
[Subsystems] Discovering subsystems at path E:/Unity Active Projects/Silent Obsidian - Testing Grounds/Silent Obsidian Demo - kyle 200982173/Assets
GfxDevice: creating device client; threaded=0; jobified=0
Direct3D:
    Version:  Direct3D 11.0 [level 11.1]
    Renderer: NVIDIA GeForce GTX 1650 Ti (ID=0x1f95)
    Vendor:   NVIDIA
    VRAM:     3935 MB
    Driver:   32.0.15.5613
Initialize mono
Mono path[0] = 'C:/Program Files/Unity/Hub/Editor/2022.3.47f1/Editor/Data/Managed'
Mono path[1] = 'C:/Program Files/Unity/Hub/Editor/2022.3.47f1/Editor/Data/MonoBleedingEdge/lib/mono/unityjit-win32'
Mono config path = 'C:/Program Files/Unity/Hub/Editor/2022.3.47f1/Editor/Data/MonoBleedingEdge/etc'
Using monoOptions --debugger-agent=transport=dt_socket,embedding=1,server=y,suspend=n,address=127.0.0.1:56524
Begin MonoManager ReloadAssembly
Registering precompiled unity dll's ...
Register platform support module: C:/Program Files/Unity/Hub/Editor/2022.3.47f1/Editor/Data/PlaybackEngines/WindowsStandaloneSupport/UnityEditor.WindowsStandalone.Extensions.dll
Registered in 0.033823 seconds.
- Loaded All Assemblies, in  1.070 seconds
Native extension for WindowsStandalone target not found
Mono: successfully reloaded assembly
- Finished resetting the current domain, in  0.716 seconds
Domain Reload Profiling: 1780ms
	BeginReloadAssembly (402ms)
		ExecutionOrderSort (0ms)
		DisableScriptedObjects (0ms)
		BackupInstance (0ms)
		ReleaseScriptingObjects (0ms)
		CreateAndSetChildDomain (3ms)
	RebuildCommonClasses (101ms)
	RebuildNativeTypeToScriptingClass (22ms)
	initialDomainReloadingComplete (205ms)
	LoadAllAssembliesAndSetupDomain (332ms)
		LoadAssemblies (390ms)
		RebuildTransferFunctionScriptingTraits (0ms)
		AnalyzeDomain (327ms)
			TypeCache.Refresh (322ms)
				TypeCache.ScanAssembly (295ms)
			ScanForSourceGeneratedMonoScriptInfo (1ms)
			ResolveRequiredComponents (2ms)
	FinalizeReload (718ms)
		ReleaseScriptCaches (0ms)
		RebuildScriptCaches (0ms)
		SetupLoadedEditorAssemblies (610ms)
			LogAssemblyErrors (0ms)
			InitializePlatformSupportModulesInManaged (30ms)
			SetLoadedEditorAssemblies (23ms)
			RefreshPlugins (0ms)
			BeforeProcessingInitializeOnLoad (6ms)
			ProcessInitializeOnLoadAttributes (419ms)
			ProcessInitializeOnLoadMethodAttributes (131ms)
			AfterProcessingInitializeOnLoad (0ms)
			EditorAssembliesLoaded (0ms)
		ExecutionOrderSort2 (0ms)
		AwakeInstancesAfterBackupRestoration (0ms)
========================================================================
Worker process is ready to serve import requests
Caller must complete domain reload
Begin MonoManager ReloadAssembly
- Loaded All Assemblies, in  2.857 seconds
Native extension for WindowsStandalone target not found
Package Manager log level set to [2]
[Package Manager] Server::EnsureServerProcessIsRunning -- launch failed, reason: Unity was launched with the -noUpm command-line argument
[Package Manager] UpmClient::Send -- Unable to send message (not connected to UPM process).
[Package Manager] Cannot connect to Unity Package Manager local server
Mono: successfully reloaded assembly
- Finished resetting the current domain, in  2.507 seconds
Domain Reload Profiling: 5370ms
	BeginReloadAssembly (379ms)
		ExecutionOrderSort (0ms)
		DisableScriptedObjects (14ms)
		BackupInstance (0ms)
		ReleaseScriptingObjects (0ms)
		CreateAndSetChildDomain (41ms)
	RebuildCommonClasses (64ms)
	RebuildNativeTypeToScriptingClass (21ms)
	initialDomainReloadingComplete (99ms)
	LoadAllAssembliesAndSetupDomain (2299ms)
		LoadAssemblies (1675ms)
		RebuildTransferFunctionScriptingTraits (0ms)
		AnalyzeDomain (836ms)
			TypeCache.Refresh (718ms)
				TypeCache.ScanAssembly (659ms)
			ScanForSourceGeneratedMonoScriptInfo (83ms)
			ResolveRequiredComponents (31ms)
	FinalizeReload (2508ms)
		ReleaseScriptCaches (0ms)
		RebuildScriptCaches (0ms)
		SetupLoadedEditorAssemblies (2095ms)
			LogAssemblyErrors (0ms)
			InitializePlatformSupportModulesInManaged (20ms)
			SetLoadedEditorAssemblies (15ms)
			RefreshPlugins (0ms)
			BeforeProcessingInitializeOnLoad (411ms)
			ProcessInitializeOnLoadAttributes (1518ms)
			ProcessInitializeOnLoadMethodAttributes (114ms)
			AfterProcessingInitializeOnLoad (17ms)
			EditorAssembliesLoaded (1ms)
		ExecutionOrderSort2 (0ms)
		AwakeInstancesAfterBackupRestoration (11ms)
Launched and connected shader compiler UnityShaderCompiler.exe after 0.21 seconds
Refreshing native plugins compatible for Editor in 29.15 ms, found 6 plugins.
Preloading 0 native plugins for Editor in 0.00 ms.
Unloading 6619 Unused Serialized files (Serialized files now loaded: 0)
Unloading 53 unused Assets / (2.9 MB). Loaded Objects now: 7082.
Memory consumption went from 298.6 MB to 295.7 MB.
Total: 12.801900 ms (FindLiveObjects: 1.251400 ms CreateObjectMapping: 0.896700 ms MarkObjects: 8.779400 ms  DeleteObjects: 1.872400 ms)

AssetImportParameters requested are different than current active one (requested -> active):
  custom:container-demuxer-ogg: 62fdf1f143b41e24485cea50d1cbac27 -> 
  custom:framework-win-MediaFoundation: 216162199b28c13a410421893ffa2e32 -> 
  custom:container-muxer-webm: aa71ff27fc2769a1b78a27578f13a17b -> 
  custom:video-decoder-webm-vp8: 9c59270c3fd7afecdb556c50c9e8de78 -> 
  custom:SearchIndexIgnoredProperties: e643bd26f0fe6173181afceb89e7c659 -> 
  custom:AudioImporter_EditorPlatform: d09bf68614088b80899f8185d706f6e7 -> 
  custom:audio-decoder-ogg-vorbis: bf7c407c2cedff20999df2af8eb42d56 -> 
  custom:audio-encoder-webm-vorbis: bf7c407c2cedff20999df2af8eb42d56 -> 
  custom:video-codec-MediaFoundation-h265: 746d11721c4dcdbdad8f713fa42b33f4 -> 
  custom:video-decoder-ogg-theora: a1e56fd34408186e4bbccfd4996cb3dc -> 
  custom:CustomObjectIndexerAttribute: 3ead1caaecf1c488f20bcfeb224b6af5 -> 
  custom:container-demuxer-webm: 4f35f7cbe854078d1ac9338744f61a02 -> 
  custom:video-encoder-webm-vp8: eb34c28f22e8b96e1ab97ce403110664 -> 
========================================================================
Received Import Request.
  Time since last request: 91878.886082 seconds.
  path: Assets/Blink/Art/Weapons/LowPoly/FreeRPGWeapons/Maces
  artifactKey: Guid(0d63367dbb445854da6c58bcc0261ee0) Importer(815301076,1909f56bfc062723c751e8b465ee728b)
Start importing Assets/Blink/Art/Weapons/LowPoly/FreeRPGWeapons/Maces using Guid(0d63367dbb445854da6c58bcc0261ee0) Importer(815301076,1909f56bfc062723c751e8b465ee728b) [PhysX] Initialized MultithreadedTaskDispatcher with 12 workers.
 -> (artifact id: 'd25fe1ef0e8a2e4e99295119c0c544c2') in 0.007570 seconds
Number of updated asset objects reloaded before import = 0
Number of asset objects unloaded after import = 0
========================================================================
Received Import Request.
  Time since last request: 22.725233 seconds.
  path: Assets/Blink/Art/Weapons/LowPoly/FreeRPGWeapons/_PREFABS/Axe1H_Epic.prefab
  artifactKey: Guid(992bb947a6df6634487686c2fe6330bc) Importer(815301076,1909f56bfc062723c751e8b465ee728b)
Start importing Assets/Blink/Art/Weapons/LowPoly/FreeRPGWeapons/_PREFABS/Axe1H_Epic.prefab using Guid(992bb947a6df6634487686c2fe6330bc) Importer(815301076,1909f56bfc062723c751e8b465ee728b) [PhysX] Initialized MultithreadedTaskDispatcher with 12 workers.
 -> (artifact id: '36c450bb89fd5b67a98cd262c20250ca') in 0.098151 seconds
Number of updated asset objects reloaded before import = 0
Number of asset objects unloaded after import = 6
========================================================================
Received Import Request.
  Time since last request: 0.000255 seconds.
  path: Assets/Blink/Art/Weapons/LowPoly/FreeRPGWeapons/_PREFABS/Shield_Epic.prefab
  artifactKey: Guid(f1a69e37edef17743840974cfc82a6ce) Importer(815301076,1909f56bfc062723c751e8b465ee728b)
Start importing Assets/Blink/Art/Weapons/LowPoly/FreeRPGWeapons/_PREFABS/Shield_Epic.prefab using Guid(f1a69e37edef17743840974cfc82a6ce) Importer(815301076,1909f56bfc062723c751e8b465ee728b) [PhysX] Initialized MultithreadedTaskDispatcher with 12 workers.
 -> (artifact id: '43e2863ad47e872b49287738aab79534') in 0.006496 seconds
Number of updated asset objects reloaded before import = 0
Number of asset objects unloaded after import = 6
========================================================================
Received Import Request.
  Time since last request: 0.000030 seconds.
  path: Assets/Blink/Art/Weapons/LowPoly/FreeRPGWeapons/_PREFABS/Bow_Epic.prefab
  artifactKey: Guid(d0c32318984847e428ac1bce4ea19377) Importer(815301076,1909f56bfc062723c751e8b465ee728b)
Start importing Assets/Blink/Art/Weapons/LowPoly/FreeRPGWeapons/_PREFABS/Bow_Epic.prefab using Guid(d0c32318984847e428ac1bce4ea19377) Importer(815301076,1909f56bfc062723c751e8b465ee728b) [PhysX] Initialized MultithreadedTaskDispatcher with 12 workers.
 -> (artifact id: '5c2345ed2fd22d151baa7520e3669572') in 0.003201 seconds
Number of updated asset objects reloaded before import = 0
Number of asset objects unloaded after import = 6
========================================================================
Received Import Request.
  Time since last request: 0.000027 seconds.
  path: Assets/Blink/Art/Weapons/LowPoly/FreeRPGWeapons/_PREFABS/Bow_Medium.prefab
  artifactKey: Guid(238d5f1b77b9e494180383a7f0480c61) Importer(815301076,1909f56bfc062723c751e8b465ee728b)
Start importing Assets/Blink/Art/Weapons/LowPoly/FreeRPGWeapons/_PREFABS/Bow_Medium.prefab using Guid(238d5f1b77b9e494180383a7f0480c61) Importer(815301076,1909f56bfc062723c751e8b465ee728b) [PhysX] Initialized MultithreadedTaskDispatcher with 12 workers.
 -> (artifact id: '59c04c7bee9c6b808cae5ce49377a634') in 0.004494 seconds
Number of updated asset objects reloaded before import = 0
Number of asset objects unloaded after import = 6
========================================================================
Received Import Request.
  Time since last request: 0.000032 seconds.
  path: Assets/Blink/Art/Weapons/LowPoly/FreeRPGWeapons/_PREFABS/Axe2H_Medium.prefab
  artifactKey: Guid(bda0e0a54afa7464ab2ce114082b55d6) Importer(815301076,1909f56bfc062723c751e8b465ee728b)
Start importing Assets/Blink/Art/Weapons/LowPoly/FreeRPGWeapons/_PREFABS/Axe2H_Medium.prefab using Guid(bda0e0a54afa7464ab2ce114082b55d6) Importer(815301076,1909f56bfc062723c751e8b465ee728b) [PhysX] Initialized MultithreadedTaskDispatcher with 12 workers.
 -> (artifact id: '13228114bcd6f7b35789bd7eddd4a17d') in 0.003015 seconds
Number of updated asset objects reloaded before import = 0
Number of asset objects unloaded after import = 6
========================================================================
Received Import Request.
  Time since last request: 0.000046 seconds.
  path: Assets/Blink/Art/Weapons/LowPoly/FreeRPGWeapons/_PREFABS/Bow_Basic.prefab
  artifactKey: Guid(6d2456ba08276d340a70ec1065d49e05) Importer(815301076,1909f56bfc062723c751e8b465ee728b)
Start importing Assets/Blink/Art/Weapons/LowPoly/FreeRPGWeapons/_PREFABS/Bow_Basic.prefab using Guid(6d2456ba08276d340a70ec1065d49e05) Importer(815301076,1909f56bfc062723c751e8b465ee728b) [PhysX] Initialized MultithreadedTaskDispatcher with 12 workers.
 -> (artifact id: 'c3c21a2c8b2c2ac0b1e5efb519322d2d') in 0.003219 seconds
Number of updated asset objects reloaded before import = 0
Number of asset objects unloaded after import = 6
========================================================================
Received Import Request.
  Time since last request: 0.000028 seconds.
  path: Assets/Blink/Art/Weapons/LowPoly/FreeRPGWeapons/_PREFABS/Mace1H_Epic.prefab
  artifactKey: Guid(cd129f656ecb0a543aba3aec71bf1158) Importer(815301076,1909f56bfc062723c751e8b465ee728b)
Start importing Assets/Blink/Art/Weapons/LowPoly/FreeRPGWeapons/_PREFABS/Mace1H_Epic.prefab using Guid(cd129f656ecb0a543aba3aec71bf1158) Importer(815301076,1909f56bfc062723c751e8b465ee728b) [PhysX] Initialized MultithreadedTaskDispatcher with 12 workers.
 -> (artifact id: '0097f12a174e9bc9fb2cf07bc77c4f90') in 0.002533 seconds
Number of updated asset objects reloaded before import = 0
Number of asset objects unloaded after import = 6
========================================================================
Received Import Request.
  Time since last request: 0.000025 seconds.
  path: Assets/Blink/Art/Weapons/LowPoly/FreeRPGWeapons/_PREFABS/Mace1H_Basic.prefab
  artifactKey: Guid(956a1ab0ff6ebf7418125a284024ba00) Importer(815301076,1909f56bfc062723c751e8b465ee728b)
Start importing Assets/Blink/Art/Weapons/LowPoly/FreeRPGWeapons/_PREFABS/Mace1H_Basic.prefab using Guid(956a1ab0ff6ebf7418125a284024ba00) Importer(815301076,1909f56bfc062723c751e8b465ee728b) [PhysX] Initialized MultithreadedTaskDispatcher with 12 workers.
 -> (artifact id: '7e42dbedb026ceb36333e4b7fee5e095') in 0.003962 seconds
Number of updated asset objects reloaded before import = 0
Number of asset objects unloaded after import = 6
========================================================================
Received Import Request.
  Time since last request: 0.000039 seconds.
  path: Assets/Blink/Art/Weapons/LowPoly/FreeRPGWeapons/_PREFABS/Mace1H_Medium.prefab
  artifactKey: Guid(478ff0a4533fe6a4da58f78bf1739439) Importer(815301076,1909f56bfc062723c751e8b465ee728b)
Start importing Assets/Blink/Art/Weapons/LowPoly/FreeRPGWeapons/_PREFABS/Mace1H_Medium.prefab using Guid(478ff0a4533fe6a4da58f78bf1739439) Importer(815301076,1909f56bfc062723c751e8b465ee728b) [PhysX] Initialized MultithreadedTaskDispatcher with 12 workers.
 -> (artifact id: '5b91c734a76673ecfdf0d89cdedbff11') in 0.002904 seconds
Number of updated asset objects reloaded before import = 0
Number of asset objects unloaded after import = 6
========================================================================
Received Import Request.
  Time since last request: 51.671753 seconds.
  path: Assets/Blink/Art/Weapons/LowPoly/FreeRPGWeapons/_PREFABS/Staff_Medium.prefab
  artifactKey: Guid(340f8fecb7a9daa4bb72c4d06454e3c6) Importer(815301076,1909f56bfc062723c751e8b465ee728b)
Start importing Assets/Blink/Art/Weapons/LowPoly/FreeRPGWeapons/_PREFABS/Staff_Medium.prefab using Guid(340f8fecb7a9daa4bb72c4d06454e3c6) Importer(815301076,1909f56bfc062723c751e8b465ee728b) [PhysX] Initialized MultithreadedTaskDispatcher with 12 workers.
 -> (artifact id: '5d04bc2bbf261f25adf55dabe5cde3ed') in 0.152312 seconds
Number of updated asset objects reloaded before import = 0
Number of asset objects unloaded after import = 6
========================================================================
Received Import Request.
  Time since last request: 16.587225 seconds.
  path: Assets/Blink/Art/Weapons/LowPoly/FreeRPGWeapons/Spears/Spear_1H_Textures/Spear1H_Basic_Normal.png
  artifactKey: Guid(b67f56e37c0fffd4a990fc4773051461) Importer(815301076,1909f56bfc062723c751e8b465ee728b)
Start importing Assets/Blink/Art/Weapons/LowPoly/FreeRPGWeapons/Spears/Spear_1H_Textures/Spear1H_Basic_Normal.png using Guid(b67f56e37c0fffd4a990fc4773051461) Importer(815301076,1909f56bfc062723c751e8b465ee728b) [PhysX] Initialized MultithreadedTaskDispatcher with 12 workers.
[PhysX] Initialized MultithreadedTaskDispatcher with 12 workers.
 -> (artifact id: '6aa8b7cc8d4a36b36898fb7834c83616') in 0.496737 seconds
Number of updated asset objects reloaded before import = 0
Number of asset objects unloaded after import = 2
========================================================================
Received Import Request.
  Time since last request: 0.000050 seconds.
  path: Assets/Blink/Art/Weapons/LowPoly/FreeRPGWeapons/Spears/Spear_1H_Textures/Spear1H_Epic2_BaseColor.png
  artifactKey: Guid(6ba04988f8e2abd40bec8f463595e006) Importer(815301076,1909f56bfc062723c751e8b465ee728b)
Start importing Assets/Blink/Art/Weapons/LowPoly/FreeRPGWeapons/Spears/Spear_1H_Textures/Spear1H_Epic2_BaseColor.png using Guid(6ba04988f8e2abd40bec8f463595e006) Importer(815301076,1909f56bfc062723c751e8b465ee728b) [PhysX] Initialized MultithreadedTaskDispatcher with 12 workers.
[PhysX] Initialized MultithreadedTaskDispatcher with 12 workers.
 -> (artifact id: '83102695c129a4c851aa7533672bc576') in 0.034335 seconds
Number of updated asset objects reloaded before import = 0
Number of asset objects unloaded after import = 2
========================================================================
Received Import Request.
  Time since last request: 70.138571 seconds.
  path: Assets/TooManyCrosshairs/HorizonCrosshairs/Crosshairs/Assault5CrossDown2048.png
  artifactKey: Guid(1a738c14cc8793942b6d3885fcdb4c0c) Importer(815301076,1909f56bfc062723c751e8b465ee728b)
Start importing Assets/TooManyCrosshairs/HorizonCrosshairs/Crosshairs/Assault5CrossDown2048.png using Guid(1a738c14cc8793942b6d3885fcdb4c0c) Importer(815301076,1909f56bfc062723c751e8b465ee728b) [PhysX] Initialized MultithreadedTaskDispatcher with 12 workers.
[PhysX] Initialized MultithreadedTaskDispatcher with 12 workers.
 -> (artifact id: '23c8d8952d8b10af71c1c759e117fcd4') in 0.071757 seconds
Number of updated asset objects reloaded before import = 0
Number of asset objects unloaded after import = 2
========================================================================
Received Import Request.
  Time since last request: 0.000049 seconds.
  path: Assets/TooManyCrosshairs/HorizonCrosshairs/Crosshairs/AssaultRifleCross2048.png
  artifactKey: Guid(eafd155cece4ac348aa7b7e988dc5b32) Importer(815301076,1909f56bfc062723c751e8b465ee728b)
Start importing Assets/TooManyCrosshairs/HorizonCrosshairs/Crosshairs/AssaultRifleCross2048.png using Guid(eafd155cece4ac348aa7b7e988dc5b32) Importer(815301076,1909f56bfc062723c751e8b465ee728b) [PhysX] Initialized MultithreadedTaskDispatcher with 12 workers.
[PhysX] Initialized MultithreadedTaskDispatcher with 12 workers.
 -> (artifact id: '215599bc0a29552dbe791349208c3e69') in 0.042324 seconds
Number of updated asset objects reloaded before import = 0
Number of asset objects unloaded after import = 2
========================================================================
Received Import Request.
  Time since last request: 0.000046 seconds.
  path: Assets/TooManyCrosshairs/128pxUpsized/BaseUpsized/Cross/CrossBottomHairCentered128UpSizedCanvas.png
  artifactKey: Guid(7c7213c4b59866849a4b1c14c79023ac) Importer(815301076,1909f56bfc062723c751e8b465ee728b)
Start importing Assets/TooManyCrosshairs/128pxUpsized/BaseUpsized/Cross/CrossBottomHairCentered128UpSizedCanvas.png using Guid(7c7213c4b59866849a4b1c14c79023ac) Importer(815301076,1909f56bfc062723c751e8b465ee728b) [PhysX] Initialized MultithreadedTaskDispatcher with 12 workers.
[PhysX] Initialized MultithreadedTaskDispatcher with 12 workers.
 -> (artifact id: '96ff63d576596b74fb8b0a1e5b66a1fc') in 0.026267 seconds
Number of updated asset objects reloaded before import = 0
Number of asset objects unloaded after import = 2
========================================================================
Received Import Request.
  Time since last request: 0.000063 seconds.
  path: Assets/TooManyCrosshairs/128px/Glow/Cross/CrossBottomHairCentered128Glow.png
  artifactKey: Guid(77ce0372e582fd548a7b410a5165fa2c) Importer(815301076,1909f56bfc062723c751e8b465ee728b)
Start importing Assets/TooManyCrosshairs/128px/Glow/Cross/CrossBottomHairCentered128Glow.png using Guid(77ce0372e582fd548a7b410a5165fa2c) Importer(815301076,1909f56bfc062723c751e8b465ee728b) [PhysX] Initialized MultithreadedTaskDispatcher with 12 workers.
[PhysX] Initialized MultithreadedTaskDispatcher with 12 workers.
 -> (artifact id: '1fb7dff0606e575747b68347f1e53c9b') in 0.037400 seconds
Number of updated asset objects reloaded before import = 0
Number of asset objects unloaded after import = 2
========================================================================
Received Import Request.
  Time since last request: 0.000041 seconds.
  path: Assets/TooManyCrosshairs/128pxUpsized/GlowUpsized/Carrot/CarrotSharpCross128UpSizedCanvasUpSizedCanvasGlow.png
  artifactKey: Guid(7c2aa6614b7f2734490f77bb8e1f6552) Importer(815301076,1909f56bfc062723c751e8b465ee728b)
Start importing Assets/TooManyCrosshairs/128pxUpsized/GlowUpsized/Carrot/CarrotSharpCross128UpSizedCanvasUpSizedCanvasGlow.png using Guid(7c2aa6614b7f2734490f77bb8e1f6552) Importer(815301076,1909f56bfc062723c751e8b465ee728b) [PhysX] Initialized MultithreadedTaskDispatcher with 12 workers.
[PhysX] Initialized MultithreadedTaskDispatcher with 12 workers.
 -> (artifact id: 'b20a43db9cb2fa8beb1b07176596324c') in 0.024307 seconds
Number of updated asset objects reloaded before import = 0
Number of asset objects unloaded after import = 2
========================================================================
Received Import Request.
  Time since last request: 0.000035 seconds.
  path: Assets/TooManyCrosshairs/HorizonCrosshairs/Crosshairs/Assault5CrossRight2048.png
  artifactKey: Guid(d9cb776d04323ac4ab4dcd90d27607c2) Importer(815301076,1909f56bfc062723c751e8b465ee728b)
Start importing Assets/TooManyCrosshairs/HorizonCrosshairs/Crosshairs/Assault5CrossRight2048.png using Guid(d9cb776d04323ac4ab4dcd90d27607c2) Importer(815301076,1909f56bfc062723c751e8b465ee728b) [PhysX] Initialized MultithreadedTaskDispatcher with 12 workers.
[PhysX] Initialized MultithreadedTaskDispatcher with 12 workers.
 -> (artifact id: '2f4c64c037f70e21fa417a72ba51ed82') in 0.036172 seconds
Number of updated asset objects reloaded before import = 0
Number of asset objects unloaded after import = 2
========================================================================
Received Import Request.
  Time since last request: 0.000042 seconds.
  path: Assets/TooManyCrosshairs/128pxUpsized/BaseDotUpSized/CarrotDotUpSized/CarrotSharpCrossDot128UpSizedCanvas.png
  artifactKey: Guid(ee7baa83947cd324e962421409874bb1) Importer(815301076,1909f56bfc062723c751e8b465ee728b)
Start importing Assets/TooManyCrosshairs/128pxUpsized/BaseDotUpSized/CarrotDotUpSized/CarrotSharpCrossDot128UpSizedCanvas.png using Guid(ee7baa83947cd324e962421409874bb1) Importer(815301076,1909f56bfc062723c751e8b465ee728b) [PhysX] Initialized MultithreadedTaskDispatcher with 12 workers.
[PhysX] Initialized MultithreadedTaskDispatcher with 12 workers.
 -> (artifact id: '99059a86c55322d6131e5935df1ccd8c') in 0.020227 seconds
Number of updated asset objects reloaded before import = 0
Number of asset objects unloaded after import = 2
========================================================================
Received Import Request.
  Time since last request: 0.000057 seconds.
  path: Assets/TooManyCrosshairs/128pxUpsized/BaseUpsized/Cross/CrossCircle4Split128UpSizedCanvas.png
  artifactKey: Guid(f1c64aa3bf4b044488329d2d6d0761d6) Importer(815301076,1909f56bfc062723c751e8b465ee728b)
Start importing Assets/TooManyCrosshairs/128pxUpsized/BaseUpsized/Cross/CrossCircle4Split128UpSizedCanvas.png using Guid(f1c64aa3bf4b044488329d2d6d0761d6) Importer(815301076,1909f56bfc062723c751e8b465ee728b) [PhysX] Initialized MultithreadedTaskDispatcher with 12 workers.
[PhysX] Initialized MultithreadedTaskDispatcher with 12 workers.
 -> (artifact id: 'ba6c67a3d13d5ac8632ef5926ed3df55') in 0.023200 seconds
Number of updated asset objects reloaded before import = 0
Number of asset objects unloaded after import = 2
========================================================================
Received Import Request.
  Time since last request: 0.000061 seconds.
  path: Assets/TooManyCrosshairs/2048px/Scopes/BasicCrosshair2048.png
  artifactKey: Guid(88631905110784d4a82c23fd54d3ff71) Importer(815301076,1909f56bfc062723c751e8b465ee728b)
Start importing Assets/TooManyCrosshairs/2048px/Scopes/BasicCrosshair2048.png using Guid(88631905110784d4a82c23fd54d3ff71) Importer(815301076,1909f56bfc062723c751e8b465ee728b) [PhysX] Initialized MultithreadedTaskDispatcher with 12 workers.
[PhysX] Initialized MultithreadedTaskDispatcher with 12 workers.
 -> (artifact id: '2c44efe32ae4a9b2b89b1f5bd9ed7403') in 0.033774 seconds
Number of updated asset objects reloaded before import = 0
Number of asset objects unloaded after import = 2
========================================================================
Received Import Request.
  Time since last request: 0.000033 seconds.
  path: Assets/JMO Assets/Cartoon FX Remaster/CFXR Prefabs/Sword Trails/Plain/CFXR4 Sword Hit PLAIN (Cross).prefab
  artifactKey: Guid(b85d21f3b8fed714bacf0c4fd50fa512) Importer(815301076,1909f56bfc062723c751e8b465ee728b)
Start importing Assets/JMO Assets/Cartoon FX Remaster/CFXR Prefabs/Sword Trails/Plain/CFXR4 Sword Hit PLAIN (Cross).prefab using Guid(b85d21f3b8fed714bacf0c4fd50fa512) Importer(815301076,1909f56bfc062723c751e8b465ee728b) [PhysX] Initialized MultithreadedTaskDispatcher with 12 workers.
[PhysX] Initialized MultithreadedTaskDispatcher with 12 workers.
 -> (artifact id: '19541df3ad5d5958da835c3ce9e45093') in 1.663981 seconds
Number of updated asset objects reloaded before import = 0
Number of asset objects unloaded after import = 42
========================================================================
Received Import Request.
  Time since last request: 0.000042 seconds.
  path: Assets/TooManyCrosshairs/128px/BaseDot/CrossDot/CarrotSharpCrossDot128.png
  artifactKey: Guid(c9ac113781119ba40a146f84ae653713) Importer(815301076,1909f56bfc062723c751e8b465ee728b)
Start importing Assets/TooManyCrosshairs/128px/BaseDot/CrossDot/CarrotSharpCrossDot128.png using Guid(c9ac113781119ba40a146f84ae653713) Importer(815301076,1909f56bfc062723c751e8b465ee728b) [PhysX] Initialized MultithreadedTaskDispatcher with 12 workers.
[PhysX] Initialized MultithreadedTaskDispatcher with 12 workers.
 -> (artifact id: '32b46bcb63aea793d120e4b210a86ed4') in 0.014418 seconds
Number of updated asset objects reloaded before import = 0
Number of asset objects unloaded after import = 2
========================================================================
Received Import Request.
  Time since last request: 0.000056 seconds.
  path: Assets/TooManyCrosshairs/128pxUpsized/GlowUpsized/Cross/CrossBottomHairCentered128UpSizedCanvasUpSizedCanvasGlow.png
  artifactKey: Guid(c9dd60295e004064e9bc32907949c166) Importer(815301076,1909f56bfc062723c751e8b465ee728b)
Start importing Assets/TooManyCrosshairs/128pxUpsized/GlowUpsized/Cross/CrossBottomHairCentered128UpSizedCanvasUpSizedCanvasGlow.png using Guid(c9dd60295e004064e9bc32907949c166) Importer(815301076,1909f56bfc062723c751e8b465ee728b) [PhysX] Initialized MultithreadedTaskDispatcher with 12 workers.
[PhysX] Initialized MultithreadedTaskDispatcher with 12 workers.
 -> (artifact id: 'e4f11ac01bbd4ba5c13ffe4621d90fbf') in 0.014235 seconds
Number of updated asset objects reloaded before import = 0
Number of asset objects unloaded after import = 2
========================================================================
Received Import Request.
  Time since last request: 0.000030 seconds.
  path: Assets/TooManyCrosshairs/64px/Base/Cross/Cross64.png
  artifactKey: Guid(86e511029e8e4bf4aa12fffcc8146e47) Importer(815301076,1909f56bfc062723c751e8b465ee728b)
Start importing Assets/TooManyCrosshairs/64px/Base/Cross/Cross64.png using Guid(86e511029e8e4bf4aa12fffcc8146e47) Importer(815301076,1909f56bfc062723c751e8b465ee728b) [PhysX] Initialized MultithreadedTaskDispatcher with 12 workers.
[PhysX] Initialized MultithreadedTaskDispatcher with 12 workers.
 -> (artifact id: '7c5808adb7ae18d98ba2b903aebeb692') in 0.021357 seconds
Number of updated asset objects reloaded before import = 0
Number of asset objects unloaded after import = 2
========================================================================
Received Import Request.
  Time since last request: 0.000041 seconds.
  path: Assets/TooManyCrosshairs/128pxUpsized/BaseUpsized/Cross/Cross128UpSizedCanvas.png
  artifactKey: Guid(f19363bc2ebbbec4aa29c1dbbc5b1886) Importer(815301076,1909f56bfc062723c751e8b465ee728b)
Start importing Assets/TooManyCrosshairs/128pxUpsized/BaseUpsized/Cross/Cross128UpSizedCanvas.png using Guid(f19363bc2ebbbec4aa29c1dbbc5b1886) Importer(815301076,1909f56bfc062723c751e8b465ee728b) [PhysX] Initialized MultithreadedTaskDispatcher with 12 workers.
[PhysX] Initialized MultithreadedTaskDispatcher with 12 workers.
 -> (artifact id: '3f086ba1b96d8771ef3d57029fcf455e') in 0.015872 seconds
Number of updated asset objects reloaded before import = 0
Number of asset objects unloaded after import = 2
========================================================================
Received Import Request.
  Time since last request: 0.000035 seconds.
  path: Assets/JMO Assets/Cartoon FX Remaster/CFXR Prefabs/Sword Trails/Fire/CFXR4 Sword Hit FIRE (Cross).prefab
  artifactKey: Guid(1fd2749f2a4056446881dce86ed70c39) Importer(815301076,1909f56bfc062723c751e8b465ee728b)
Start importing Assets/JMO Assets/Cartoon FX Remaster/CFXR Prefabs/Sword Trails/Fire/CFXR4 Sword Hit FIRE (Cross).prefab using Guid(1fd2749f2a4056446881dce86ed70c39) Importer(815301076,1909f56bfc062723c751e8b465ee728b) [PhysX] Initialized MultithreadedTaskDispatcher with 12 workers.
[PhysX] Initialized MultithreadedTaskDispatcher with 12 workers.
 -> (artifact id: '2b4a4b16350aa91535ea30186dd16896') in 0.078633 seconds
Number of updated asset objects reloaded before import = 0
Number of asset objects unloaded after import = 53
========================================================================
Received Import Request.
  Time since last request: 0.000061 seconds.
  path: Assets/TooManyCrosshairs/HorizonCrosshairs/Crosshairs/Assault5CrossLeft2048.png
  artifactKey: Guid(ae6abdfefb39db2429ced1408c089013) Importer(815301076,1909f56bfc062723c751e8b465ee728b)
Start importing Assets/TooManyCrosshairs/HorizonCrosshairs/Crosshairs/Assault5CrossLeft2048.png using Guid(ae6abdfefb39db2429ced1408c089013) Importer(815301076,1909f56bfc062723c751e8b465ee728b) [PhysX] Initialized MultithreadedTaskDispatcher with 12 workers.
[PhysX] Initialized MultithreadedTaskDispatcher with 12 workers.
 -> (artifact id: 'b68b607b764c9005b8e95536b8508746') in 0.034496 seconds
Number of updated asset objects reloaded before import = 0
Number of asset objects unloaded after import = 2
========================================================================
Received Import Request.
  Time since last request: 0.000047 seconds.
  path: Assets/TooManyCrosshairs/128px/Base/Cross/CrossCircle4Split128.png
  artifactKey: Guid(7cc96a5ab87bf6547b6c3d816eb8c30a) Importer(815301076,1909f56bfc062723c751e8b465ee728b)
Start importing Assets/TooManyCrosshairs/128px/Base/Cross/CrossCircle4Split128.png using Guid(7cc96a5ab87bf6547b6c3d816eb8c30a) Importer(815301076,1909f56bfc062723c751e8b465ee728b) [PhysX] Initialized MultithreadedTaskDispatcher with 12 workers.
[PhysX] Initialized MultithreadedTaskDispatcher with 12 workers.
 -> (artifact id: '4bf3081bf8de69ca8eb10465ad576713') in 0.021553 seconds
Number of updated asset objects reloaded before import = 0
Number of asset objects unloaded after import = 2
========================================================================
Received Import Request.
  Time since last request: 1.289457 seconds.
  path: Assets/TooManyCrosshairs/HELLSLAYER Crosshairs/_Demo/Prefabs/Crosshair.prefab
  artifactKey: Guid(36d6dcac58d5e4b47b15c911c0967c2a) Importer(815301076,1909f56bfc062723c751e8b465ee728b)
Start importing Assets/TooManyCrosshairs/HELLSLAYER Crosshairs/_Demo/Prefabs/Crosshair.prefab using Guid(36d6dcac58d5e4b47b15c911c0967c2a) Importer(815301076,1909f56bfc062723c751e8b465ee728b) [PhysX] Initialized MultithreadedTaskDispatcher with 12 workers.
 -> (artifact id: '4dee55ee53651bd0e65d85ee233dfae2') in 0.105803 seconds
Number of updated asset objects reloaded before import = 0
Number of asset objects unloaded after import = 31
========================================================================
Received Import Request.
  Time since last request: 0.008921 seconds.
  path: Assets/TooManyCrosshairs/2048px/Scopes/CrosshairTaperedFull.png
  artifactKey: Guid(56dd212b1dea9594fbd454c861875a7f) Importer(815301076,1909f56bfc062723c751e8b465ee728b)
Start importing Assets/TooManyCrosshairs/2048px/Scopes/CrosshairTaperedFull.png using Guid(56dd212b1dea9594fbd454c861875a7f) Importer(815301076,1909f56bfc062723c751e8b465ee728b) [PhysX] Initialized MultithreadedTaskDispatcher with 12 workers.
[PhysX] Initialized MultithreadedTaskDispatcher with 12 workers.
 -> (artifact id: '27f73e158048ed5dbca973c83241cd06') in 0.039732 seconds
Number of updated asset objects reloaded before import = 0
Number of asset objects unloaded after import = 2
Editor requested this worker to shutdown with reason: Scaling down because of idle timeout
TcpMessagingSession - receive error: operation aborted. errorcode: 995, details: The I/O operation has been aborted because of either a thread exit or an application request.
AssetImportWorker is now disconnected from the server
Process exiting
Exiting without the bug reporter. Application will terminate with return code 0